NumOfCal=3240
Cal i=10 :(6+2)*6/2=24
Cal i=442 :6*(2+6)/2=24
Cal i=673 :(6+2)/2*6=24
Cal i=683 :6/2/(6+2)=24
Cal i=889 :(6+2)/2*6=24
Cal i=899 :6/2/(6+2)=24
Cal i=1321 :(6+2)*6/2=24
Cal i=1330 :(6+2)/2/6=24
Cal i=1338 :6*2+6*2=24
Cal i=1441 :6/2*(6+2)=24
Cal i=1481 :(6+2)/2/6=24
Cal i=1738 :(6+2)*6/2=24
Cal i=1954 :6*(6+2)/2=24
Cal i=2404 :(6+2)/2/6=24
Cal i=2407 :(6+2)*6/2=24
Cal i=2418 :6*2+2*6=24
Cal i=2521 :6/2*(2+6)=24
Cal i=2561 :(2+6)/2/6=24
Cal i=2617 :6*(2+6)/2=24
Cal i=2626 :6/2/(2+6)=24
Cal i=3052 :6/2/(6+2)=24
Cal i=3055 :6*(6+2)/2=24
Total=22
